Start testing: Sep 15 20:18 Pacific Daylight Time
----------------------------------------------------------
1/1 Testing: minHeapTests
1/1 Test: minHeapTests
Command: "F:/SDSU/Fall 2020/CS635/Assignment1/Assignment1_Kavya_Onkarappa_Sunanda_825893660/build/test/Debug/minHeapTests.exe"
Directory: F:/SDSU/Fall 2020/CS635/Assignment1/Assignment1_Kavya_Onkarappa_Sunanda_825893660/build/test
"minHeapTests" start time: Sep 15 20:18 Pacific Daylight Time
Output:
----------------------------------------------------------
Post Ordered value of Heap nodes:
17 12 1 8 3 -1 

Pre Ordered value of Odd Numbered nodes:
-1 1 17 3 
<end of output>
Test time =   0.32 sec
----------------------------------------------------------
Test Passed.
"minHeapTests" end time: Sep 15 20:18 Pacific Daylight Time
"minHeapTests" time elapsed: 00:00:00
----------------------------------------------------------

End testing: Sep 15 20:18 Pacific Daylight Time
